

Started GET "/" for 127.0.0.1 at 2015-12-10 18:44:41 +0530

RuntimeError (Could not load database configuration. No such file - /home/vikash/sample_app_rails_4/config/database.yml):
  railties (4.0.8) lib/rails/application/configuration.rb:110:in `database_configuration'
  activerecord (4.0.8) lib/active_record/railtie.rb:175:in `block (2 levels) in <class:Railtie>'
  activesupport (4.0.8) lib/active_support/lazy_load_hooks.rb:38:in `instance_eval'
  activesupport (4.0.8) lib/active_support/lazy_load_hooks.rb:38:in `execute_hook'
  activesupport (4.0.8) lib/active_support/lazy_load_hooks.rb:45:in `block in run_load_hooks'
  activesupport (4.0.8) lib/active_support/lazy_load_hooks.rb:44:in `each'
  activesupport (4.0.8) lib/active_support/lazy_load_hooks.rb:44:in `run_load_hooks'
  activerecord (4.0.8) lib/active_record/base.rb:322:in `<module:ActiveRecord>'
  activerecord (4.0.8) lib/active_record/base.rb:22:in `<top (required)>'
  activesupport (4.0.8) lib/active_support/dependencies.rb:229:in `require'
  activesupport (4.0.8) lib/active_support/dependencies.rb:229:in `block in require'
  activesupport (4.0.8) lib/active_support/dependencies.rb:214:in `load_dependency'
  activesupport (4.0.8) lib/active_support/dependencies.rb:229:in `require'
  activerecord (4.0.8) lib/active_record/schema_migration.rb:3:in `<top (required)>'
  activerecord (4.0.8) lib/active_record/migration.rb:787:in `schema_migrations_table_name'
  activerecord (4.0.8) lib/active_record/migration.rb:795:in `current_version'
  activerecord (4.0.8) lib/active_record/migration.rb:804:in `needs_migration?'
  activerecord (4.0.8) lib/active_record/migration.rb:383:in `check_pending!'
  activerecord (4.0.8) lib/active_record/migration.rb:370:in `call'
  actionpack (4.0.8) lib/action_dispatch/middleware/callbacks.rb:29:in `block in call'
  activesupport (4.0.8) lib/active_support/callbacks.rb:373:in `_run__1961445162170140342__call__callbacks'
  activesupport (4.0.8) lib/active_support/callbacks.rb:80:in `run_callbacks'
  actionpack (4.0.8) lib/action_dispatch/middleware/callbacks.rb:27:in `call'
  actionpack (4.0.8) lib/action_dispatch/middleware/reloader.rb:64:in `call'
  actionpack (4.0.8) lib/action_dispatch/middleware/remote_ip.rb:76:in `call'
  actionpack (4.0.8) lib/action_dispatch/middleware/debug_exceptions.rb:17:in `call'
  actionpack (4.0.8) lib/action_dispatch/middleware/show_exceptions.rb:30:in `call'
  railties (4.0.8) lib/rails/rack/logger.rb:38:in `call_app'
  railties (4.0.8) lib/rails/rack/logger.rb:20:in `block in call'
  activesupport (4.0.8) lib/active_support/tagged_logging.rb:68:in `block in tagged'
  activesupport (4.0.8) lib/active_support/tagged_logging.rb:26:in `tagged'
  activesupport (4.0.8) lib/active_support/tagged_logging.rb:68:in `tagged'
  railties (4.0.8) lib/rails/rack/logger.rb:20:in `call'
  actionpack (4.0.8) lib/action_dispatch/middleware/request_id.rb:21:in `call'
  rack (1.5.2) lib/rack/methodoverride.rb:21:in `call'
  rack (1.5.2) lib/rack/runtime.rb:17:in `call'
  activesupport (4.0.8) lib/active_support/cache/strategy/local_cache.rb:83:in `call'
  rack (1.5.2) lib/rack/lock.rb:17:in `call'
  actionpack (4.0.8) lib/action_dispatch/middleware/static.rb:64:in `call'
  rack (1.5.2) lib/rack/sendfile.rb:112:in `call'
  railties (4.0.8) lib/rails/engine.rb:511:in `call'
  railties (4.0.8) lib/rails/application.rb:97:in `call'
  rack (1.5.2) lib/rack/lock.rb:17:in `call'
  rack (1.5.2) lib/rack/content_length.rb:14:in `call'
  rack (1.5.2) lib/rack/handler/webrick.rb:60:in `service'
  /home/vikash/.rvm/rubies/ruby-2.0.0-p643/lib/ruby/2.0.0/webrick/httpserver.rb:138:in `service'
  /home/vikash/.rvm/rubies/ruby-2.0.0-p643/lib/ruby/2.0.0/webrick/httpserver.rb:94:in `run'
  /home/vikash/.rvm/rubies/ruby-2.0.0-p643/lib/ruby/2.0.0/webrick/server.rb:295:in `block in start_thread'


  Rendered /home/vikash/.rvm/gems/ruby-2.0.0-p643@railstutorial_rails_4_0/gems/actionpack-4.0.8/lib/action_dispatch/middleware/templates/rescues/_source.erb (0.5ms)
  Rendered /home/vikash/.rvm/gems/ruby-2.0.0-p643@railstutorial_rails_4_0/gems/actionpack-4.0.8/lib/action_dispatch/middleware/templates/rescues/_trace.erb (0.8ms)
  Rendered /home/vikash/.rvm/gems/ruby-2.0.0-p643@railstutorial_rails_4_0/gems/actionpack-4.0.8/lib/action_dispatch/middleware/templates/rescues/_request_and_response.erb (0.8ms)
  Rendered /home/vikash/.rvm/gems/ruby-2.0.0-p643@railstutorial_rails_4_0/gems/actionpack-4.0.8/lib/action_dispatch/middleware/templates/rescues/diagnostics.erb within rescues/layout (106.0ms)


Started GET "/" for 127.0.0.1 at 2015-12-10 18:45:51 +0530

RuntimeError (Could not load database configuration. No such file - /home/vikash/sample_app_rails_4/config/database.yml):
  railties (4.0.8) lib/rails/application/configuration.rb:110:in `database_configuration'
  activerecord (4.0.8) lib/active_record/railtie.rb:175:in `block (2 levels) in <class:Railtie>'
  activesupport (4.0.8) lib/active_support/lazy_load_hooks.rb:38:in `instance_eval'
  activesupport (4.0.8) lib/active_support/lazy_load_hooks.rb:38:in `execute_hook'
  activesupport (4.0.8) lib/active_support/lazy_load_hooks.rb:45:in `block in run_load_hooks'
  activesupport (4.0.8) lib/active_support/lazy_load_hooks.rb:44:in `each'
  activesupport (4.0.8) lib/active_support/lazy_load_hooks.rb:44:in `run_load_hooks'
  activerecord (4.0.8) lib/active_record/base.rb:322:in `<module:ActiveRecord>'
  activerecord (4.0.8) lib/active_record/base.rb:22:in `<top (required)>'
  activesupport (4.0.8) lib/active_support/dependencies.rb:229:in `require'
  activesupport (4.0.8) lib/active_support/dependencies.rb:229:in `block in require'
  activesupport (4.0.8) lib/active_support/dependencies.rb:214:in `load_dependency'
  activesupport (4.0.8) lib/active_support/dependencies.rb:229:in `require'
  activerecord (4.0.8) lib/active_record/schema_migration.rb:3:in `<top (required)>'
  activerecord (4.0.8) lib/active_record/migration.rb:787:in `schema_migrations_table_name'
  activerecord (4.0.8) lib/active_record/migration.rb:795:in `current_version'
  activerecord (4.0.8) lib/active_record/migration.rb:804:in `needs_migration?'
  activerecord (4.0.8) lib/active_record/migration.rb:383:in `check_pending!'
  activerecord (4.0.8) lib/active_record/migration.rb:370:in `call'
  actionpack (4.0.8) lib/action_dispatch/middleware/callbacks.rb:29:in `block in call'
  activesupport (4.0.8) lib/active_support/callbacks.rb:373:in `_run__1961445162170140342__call__callbacks'
  activesupport (4.0.8) lib/active_support/callbacks.rb:80:in `run_callbacks'
  actionpack (4.0.8) lib/action_dispatch/middleware/callbacks.rb:27:in `call'
  actionpack (4.0.8) lib/action_dispatch/middleware/reloader.rb:64:in `call'
  actionpack (4.0.8) lib/action_dispatch/middleware/remote_ip.rb:76:in `call'
  actionpack (4.0.8) lib/action_dispatch/middleware/debug_exceptions.rb:17:in `call'
  actionpack (4.0.8) lib/action_dispatch/middleware/show_exceptions.rb:30:in `call'
  railties (4.0.8) lib/rails/rack/logger.rb:38:in `call_app'
  railties (4.0.8) lib/rails/rack/logger.rb:20:in `block in call'
  activesupport (4.0.8) lib/active_support/tagged_logging.rb:68:in `block in tagged'
  activesupport (4.0.8) lib/active_support/tagged_logging.rb:26:in `tagged'
  activesupport (4.0.8) lib/active_support/tagged_logging.rb:68:in `tagged'
  railties (4.0.8) lib/rails/rack/logger.rb:20:in `call'
  actionpack (4.0.8) lib/action_dispatch/middleware/request_id.rb:21:in `call'
  rack (1.5.2) lib/rack/methodoverride.rb:21:in `call'
  rack (1.5.2) lib/rack/runtime.rb:17:in `call'
  activesupport (4.0.8) lib/active_support/cache/strategy/local_cache.rb:83:in `call'
  rack (1.5.2) lib/rack/lock.rb:17:in `call'
  actionpack (4.0.8) lib/action_dispatch/middleware/static.rb:64:in `call'
  rack (1.5.2) lib/rack/sendfile.rb:112:in `call'
  railties (4.0.8) lib/rails/engine.rb:511:in `call'
  railties (4.0.8) lib/rails/application.rb:97:in `call'
  rack (1.5.2) lib/rack/lock.rb:17:in `call'
  rack (1.5.2) lib/rack/content_length.rb:14:in `call'
  rack (1.5.2) lib/rack/handler/webrick.rb:60:in `service'
  /home/vikash/.rvm/rubies/ruby-2.0.0-p643/lib/ruby/2.0.0/webrick/httpserver.rb:138:in `service'
  /home/vikash/.rvm/rubies/ruby-2.0.0-p643/lib/ruby/2.0.0/webrick/httpserver.rb:94:in `run'
  /home/vikash/.rvm/rubies/ruby-2.0.0-p643/lib/ruby/2.0.0/webrick/server.rb:295:in `block in start_thread'


  Rendered /home/vikash/.rvm/gems/ruby-2.0.0-p643@railstutorial_rails_4_0/gems/actionpack-4.0.8/lib/action_dispatch/middleware/templates/rescues/_source.erb (0.5ms)
  Rendered /home/vikash/.rvm/gems/ruby-2.0.0-p643@railstutorial_rails_4_0/gems/actionpack-4.0.8/lib/action_dispatch/middleware/templates/rescues/_trace.erb (1.0ms)
  Rendered /home/vikash/.rvm/gems/ruby-2.0.0-p643@railstutorial_rails_4_0/gems/actionpack-4.0.8/lib/action_dispatch/middleware/templates/rescues/_request_and_response.erb (0.5ms)
  Rendered /home/vikash/.rvm/gems/ruby-2.0.0-p643@railstutorial_rails_4_0/gems/actionpack-4.0.8/lib/action_dispatch/middleware/templates/rescues/diagnostics.erb within rescues/layout (9.8ms)
  [1m[36m (175.7ms)[0m  [1mCREATE TABLE "schema_migrations" ("version" varchar(255) NOT NULL) [0m
  [1m[35m (141.6ms)[0m  CREATE UNIQUE INDEX "unique_schema_migrations" ON "schema_migrations" ("version")
  [1m[36mActiveRecord::SchemaMigration Load (0.1ms)[0m  [1mSELECT "schema_migrations".* FROM "schema_migrations"[0m
Migrating to CreateUsers (20130311191400)
  [1m[35m (0.2ms)[0m  begin transaction
  [1m[36m (0.2ms)[0m  [1mCREATE TABLE "users" ("id" INTEGER PRIMARY KEY AUTOINCREMENT NOT NULL, "name" varchar(255), "email" varchar(255), "created_at" datetime, "updated_at" datetime) [0m
  [1m[35mSQL (0.2ms)[0m  INSERT INTO "schema_migrations" ("version") VALUES (?)  [["version", "20130311191400"]]
  [1m[36m (148.8ms)[0m  [1mcommit transaction[0m
Migrating to AddIndexToUsersEmail (20130311194153)
  [1m[35m (0.1ms)[0m  begin transaction
  [1m[36m (0.1ms)[0m  [1mCREATE UNIQUE INDEX "index_users_on_email" ON "users" ("email")[0m
  [1m[35mSQL (0.1ms)[0m  INSERT INTO "schema_migrations" ("version") VALUES (?)  [["version", "20130311194153"]]
  [1m[36m (115.1ms)[0m  [1mcommit transaction[0m
Migrating to AddPasswordDigestToUsers (20130311201841)
  [1m[35m (0.1ms)[0m  begin transaction
  [1m[36m (0.2ms)[0m  [1mALTER TABLE "users" ADD "password_digest" varchar(255)[0m
  [1m[35mSQL (0.1ms)[0m  INSERT INTO "schema_migrations" ("version") VALUES (?)  [["version", "20130311201841"]]
  [1m[36m (115.2ms)[0m  [1mcommit transaction[0m
Migrating to AddRememberTokenToUsers (20130314184954)
  [1m[35m (0.1ms)[0m  begin transaction
  [1m[36m (0.2ms)[0m  [1mALTER TABLE "users" ADD "remember_token" varchar(255)[0m
  [1m[35m (0.1ms)[0m  CREATE INDEX "index_users_on_remember_token" ON "users" ("remember_token")
  [1m[36mSQL (0.1ms)[0m  [1mINSERT INTO "schema_migrations" ("version") VALUES (?)[0m  [["version", "20130314184954"]]
  [1m[35m (131.6ms)[0m  commit transaction
Migrating to AddAdminToUsers (20130315015932)
  [1m[36m (0.1ms)[0m  [1mbegin transaction[0m
  [1m[35m (0.2ms)[0m  ALTER TABLE "users" ADD "admin" boolean
  [1m[36mSQL (0.1ms)[0m  [1mINSERT INTO "schema_migrations" ("version") VALUES (?)[0m  [["version", "20130315015932"]]
  [1m[35m (106.7ms)[0m  commit transaction
Migrating to CreateMicroposts (20130315175534)
  [1m[36m (0.1ms)[0m  [1mbegin transaction[0m
  [1m[35m (0.2ms)[0m  CREATE TABLE "microposts" ("id" INTEGER PRIMARY KEY AUTOINCREMENT NOT NULL, "content" varchar(255), "user_id" integer, "created_at" datetime, "updated_at" datetime) 
  [1m[36m (0.1ms)[0m  [1mCREATE INDEX "index_microposts_on_user_id_and_created_at" ON "microposts" ("user_id", "created_at")[0m
  [1m[35mSQL (0.1ms)[0m  INSERT INTO "schema_migrations" ("version") VALUES (?)  [["version", "20130315175534"]]
  [1m[36m (122.9ms)[0m  [1mcommit transaction[0m
Migrating to CreateRelationships (20130315230445)
  [1m[35m (0.1ms)[0m  begin transaction
  [1m[36m (0.2ms)[0m  [1mCREATE TABLE "relationships" ("id" INTEGER PRIMARY KEY AUTOINCREMENT NOT NULL, "follower_id" integer, "followed_id" integer, "created_at" datetime, "updated_at" datetime) [0m
  [1m[35m (0.1ms)[0m  CREATE INDEX "index_relationships_on_follower_id" ON "relationships" ("follower_id")
  [1m[36m (0.1ms)[0m  [1mCREATE INDEX "index_relationships_on_followed_id" ON "relationships" ("followed_id")[0m
  [1m[35m (0.2ms)[0m  CREATE UNIQUE INDEX "index_relationships_on_follower_id_and_followed_id" ON "relationships" ("follower_id", "followed_id")
  [1m[36mSQL (0.1ms)[0m  [1mINSERT INTO "schema_migrations" ("version") VALUES (?)[0m  [["version", "20130315230445"]]
  [1m[35m (205.6ms)[0m  commit transaction
  [1m[36mActiveRecord::SchemaMigration Load (0.1ms)[0m  [1mSELECT "schema_migrations".* FROM "schema_migrations"[0m


Started GET "/" for 127.0.0.1 at 2015-12-10 18:51:16 +0530
  [1m[36mActiveRecord::SchemaMigration Load (0.1ms)[0m  [1mSELECT "schema_migrations".* FROM "schema_migrations"[0m
Processing by StaticPagesController#home as HTML
  [1m[35mUser Load (0.1ms)[0m  SELECT "users".* FROM "users" WHERE "users"."remember_token" = 'da39a3ee5e6b4b0d3255bfef95601890afd80709' LIMIT 1
  [1m[36mCACHE (0.0ms)[0m  [1mSELECT "users".* FROM "users" WHERE "users"."remember_token" = 'da39a3ee5e6b4b0d3255bfef95601890afd80709' LIMIT 1[0m
  Rendered static_pages/home.html.erb within layouts/application (21.5ms)
Warning. Error encountered while saving cache c0f5bde38f5f620c678edcee1f1fc9bb39697d06/custom.css.scssc: can't dump anonymous class #<Class:0x00000003c888d8>

Warning. Error encountered while saving cache 988fd70eeb30eb3f9a3e93eed65429c20c7e466a/bootstrap.scssc: can't dump anonymous class #<Class:0x00000003c888d8>

Warning. Error encountered while saving cache 3bdb7556338710c791afd73a470e57c536904b78/bootstrap.scssc: can't dump anonymous class #<Class:0x00000003c888d8>

Warning. Error encountered while saving cache 3bdb7556338710c791afd73a470e57c536904b78/_variables.scssc: can't dump anonymous class #<Class:0x00000003c888d8>

Warning. Error encountered while saving cache 3bdb7556338710c791afd73a470e57c536904b78/_mixins.scssc: can't dump anonymous class #<Class:0x00000003c888d8>

Warning. Error encountered while saving cache 3bdb7556338710c791afd73a470e57c536904b78/_reset.scssc: can't dump anonymous class #<Class:0x00000003c888d8>

Warning. Error encountered while saving cache 3bdb7556338710c791afd73a470e57c536904b78/_scaffolding.scssc: can't dump anonymous class #<Class:0x00000003c888d8>

Warning. Error encountered while saving cache 3bdb7556338710c791afd73a470e57c536904b78/_grid.scssc: can't dump anonymous class #<Class:0x00000003c888d8>

Warning. Error encountered while saving cache 3bdb7556338710c791afd73a470e57c536904b78/_layouts.scssc: can't dump anonymous class #<Class:0x00000003c888d8>

Warning. Error encountered while saving cache 3bdb7556338710c791afd73a470e57c536904b78/_type.scssc: can't dump anonymous class #<Class:0x00000003c888d8>

Warning. Error encountered while saving cache 3bdb7556338710c791afd73a470e57c536904b78/_code.scssc: can't dump anonymous class #<Class:0x00000003c888d8>

Warning. Error encountered while saving cache 3bdb7556338710c791afd73a470e57c536904b78/_forms.scssc: can't dump anonymous class #<Class:0x00000003c888d8>

Warning. Error encountered while saving cache 3bdb7556338710c791afd73a470e57c536904b78/_tables.scssc: can't dump anonymous class #<Class:0x00000003c888d8>

Warning. Error encountered while saving cache 3bdb7556338710c791afd73a470e57c536904b78/_sprites.scssc: can't dump anonymous class #<Class:0x00000003c888d8>

Warning. Error encountered while saving cache 3bdb7556338710c791afd73a470e57c536904b78/_dropdowns.scssc: can't dump anonymous class #<Class:0x00000003c888d8>

Warning. Error encountered while saving cache 3bdb7556338710c791afd73a470e57c536904b78/_wells.scssc: can't dump anonymous class #<Class:0x00000003c888d8>

Warning. Error encountered while saving cache 3bdb7556338710c791afd73a470e57c536904b78/_component-animations.scssc: can't dump anonymous class #<Class:0x00000003c888d8>

Warning. Error encountered while saving cache 3bdb7556338710c791afd73a470e57c536904b78/_close.scssc: can't dump anonymous class #<Class:0x00000003c888d8>

Warning. Error encountered while saving cache 3bdb7556338710c791afd73a470e57c536904b78/_buttons.scssc: can't dump anonymous class #<Class:0x00000003c888d8>

Warning. Error encountered while saving cache 3bdb7556338710c791afd73a470e57c536904b78/_button-groups.scssc: can't dump anonymous class #<Class:0x00000003c888d8>

Warning. Error encountered while saving cache 3bdb7556338710c791afd73a470e57c536904b78/_alerts.scssc: can't dump anonymous class #<Class:0x00000003c888d8>

Warning. Error encountered while saving cache 3bdb7556338710c791afd73a470e57c536904b78/_navs.scssc: can't dump anonymous class #<Class:0x00000003c888d8>

Warning. Error encountered while saving cache 3bdb7556338710c791afd73a470e57c536904b78/_navbar.scssc: can't dump anonymous class #<Class:0x00000003c888d8>

Warning. Error encountered while saving cache 3bdb7556338710c791afd73a470e57c536904b78/_breadcrumbs.scssc: can't dump anonymous class #<Class:0x00000003c888d8>

Warning. Error encountered while saving cache 3bdb7556338710c791afd73a470e57c536904b78/_pagination.scssc: can't dump anonymous class #<Class:0x00000003c888d8>

Warning. Error encountered while saving cache 3bdb7556338710c791afd73a470e57c536904b78/_pager.scssc: can't dump anonymous class #<Class:0x00000003c888d8>

Warning. Error encountered while saving cache 3bdb7556338710c791afd73a470e57c536904b78/_modals.scssc: can't dump anonymous class #<Class:0x00000003c888d8>

Warning. Error encountered while saving cache 3bdb7556338710c791afd73a470e57c536904b78/_tooltip.scssc: can't dump anonymous class #<Class:0x00000003c888d8>

Warning. Error encountered while saving cache 3bdb7556338710c791afd73a470e57c536904b78/_popovers.scssc: can't dump anonymous class #<Class:0x00000003c888d8>

Warning. Error encountered while saving cache 3bdb7556338710c791afd73a470e57c536904b78/_thumbnails.scssc: can't dump anonymous class #<Class:0x00000003c888d8>

Warning. Error encountered while saving cache 3bdb7556338710c791afd73a470e57c536904b78/_media.scssc: can't dump anonymous class #<Class:0x00000003c888d8>

Warning. Error encountered while saving cache 3bdb7556338710c791afd73a470e57c536904b78/_labels-badges.scssc: can't dump anonymous class #<Class:0x00000003c888d8>

Warning. Error encountered while saving cache 3bdb7556338710c791afd73a470e57c536904b78/_progress-bars.scssc: can't dump anonymous class #<Class:0x00000003c888d8>

Warning. Error encountered while saving cache 3bdb7556338710c791afd73a470e57c536904b78/_accordion.scssc: can't dump anonymous class #<Class:0x00000003c888d8>

Warning. Error encountered while saving cache 3bdb7556338710c791afd73a470e57c536904b78/_carousel.scssc: can't dump anonymous class #<Class:0x00000003c888d8>

Warning. Error encountered while saving cache 3bdb7556338710c791afd73a470e57c536904b78/_hero-unit.scssc: can't dump anonymous class #<Class:0x00000003c888d8>

Warning. Error encountered while saving cache 3bdb7556338710c791afd73a470e57c536904b78/_utilities.scssc: can't dump anonymous class #<Class:0x00000003c888d8>

Warning. Error encountered while saving cache c0f5bde38f5f620c678edcee1f1fc9bb39697d06/sessions.css.scssc: can't dump anonymous class #<Class:0x00000003c888d8>

Warning. Error encountered while saving cache c0f5bde38f5f620c678edcee1f1fc9bb39697d06/static_pages.css.scssc: can't dump anonymous class #<Class:0x00000003c888d8>

Warning. Error encountered while saving cache c0f5bde38f5f620c678edcee1f1fc9bb39697d06/users.css.scssc: can't dump anonymous class #<Class:0x00000003c888d8>

  Rendered layouts/_shim.html.erb (0.3ms)
  [1m[35mCACHE (0.0ms)[0m  SELECT "users".* FROM "users" WHERE "users"."remember_token" = 'da39a3ee5e6b4b0d3255bfef95601890afd80709' LIMIT 1
  Rendered layouts/_header.html.erb (1.4ms)
  Rendered layouts/_footer.html.erb (0.4ms)
Completed 200 OK in 3407ms (Views: 3287.1ms | ActiveRecord: 0.4ms)


Started GET "/assets/application.css?body=1" for 127.0.0.1 at 2015-12-10 18:51:20 +0530


Started GET "/assets/custom.css?body=1" for 127.0.0.1 at 2015-12-10 18:51:20 +0530


Started GET "/assets/sessions.css?body=1" for 127.0.0.1 at 2015-12-10 18:51:20 +0530


Started GET "/assets/static_pages.css?body=1" for 127.0.0.1 at 2015-12-10 18:51:20 +0530


Started GET "/assets/users.css?body=1" for 127.0.0.1 at 2015-12-10 18:51:20 +0530


Started GET "/assets/jquery.js?body=1" for 127.0.0.1 at 2015-12-10 18:51:20 +0530


Started GET "/assets/jquery_ujs.js?body=1" for 127.0.0.1 at 2015-12-10 18:51:20 +0530


Started GET "/assets/bootstrap-transition.js?body=1" for 127.0.0.1 at 2015-12-10 18:51:20 +0530


Started GET "/assets/turbolinks.js?body=1" for 127.0.0.1 at 2015-12-10 18:51:20 +0530


Started GET "/assets/bootstrap-alert.js?body=1" for 127.0.0.1 at 2015-12-10 18:51:20 +0530


Started GET "/assets/bootstrap-affix.js?body=1" for 127.0.0.1 at 2015-12-10 18:51:20 +0530


Started GET "/assets/bootstrap-button.js?body=1" for 127.0.0.1 at 2015-12-10 18:51:20 +0530


Started GET "/assets/bootstrap-carousel.js?body=1" for 127.0.0.1 at 2015-12-10 18:51:20 +0530


Started GET "/assets/bootstrap-collapse.js?body=1" for 127.0.0.1 at 2015-12-10 18:51:20 +0530


Started GET "/assets/bootstrap-dropdown.js?body=1" for 127.0.0.1 at 2015-12-10 18:51:20 +0530


Started GET "/assets/bootstrap-modal.js?body=1" for 127.0.0.1 at 2015-12-10 18:51:20 +0530


Started GET "/assets/bootstrap-scrollspy.js?body=1" for 127.0.0.1 at 2015-12-10 18:51:20 +0530


Started GET "/assets/bootstrap-tooltip.js?body=1" for 127.0.0.1 at 2015-12-10 18:51:20 +0530


Started GET "/assets/bootstrap-tab.js?body=1" for 127.0.0.1 at 2015-12-10 18:51:20 +0530


Started GET "/assets/bootstrap-popover.js?body=1" for 127.0.0.1 at 2015-12-10 18:51:20 +0530


Started GET "/assets/bootstrap-typeahead.js?body=1" for 127.0.0.1 at 2015-12-10 18:51:20 +0530


Started GET "/assets/bootstrap.js?body=1" for 127.0.0.1 at 2015-12-10 18:51:20 +0530


Started GET "/assets/sessions.js?body=1" for 127.0.0.1 at 2015-12-10 18:51:20 +0530


Started GET "/assets/static_pages.js?body=1" for 127.0.0.1 at 2015-12-10 18:51:20 +0530


Started GET "/assets/users.js?body=1" for 127.0.0.1 at 2015-12-10 18:51:20 +0530


Started GET "/assets/application.js?body=1" for 127.0.0.1 at 2015-12-10 18:51:20 +0530


Started GET "/assets/jquery_ujs.js?body=1" for 127.0.0.1 at 2015-12-10 18:51:20 +0530


Started GET "/assets/rails.png" for 127.0.0.1 at 2015-12-10 18:51:20 +0530


Started GET "/assets/turbolinks.js?body=1" for 127.0.0.1 at 2015-12-10 18:51:20 +0530


Started GET "/assets/bootstrap-transition.js?body=1" for 127.0.0.1 at 2015-12-10 18:51:20 +0530


Started GET "/assets/bootstrap-affix.js?body=1" for 127.0.0.1 at 2015-12-10 18:51:20 +0530


Started GET "/assets/bootstrap-alert.js?body=1" for 127.0.0.1 at 2015-12-10 18:51:20 +0530


Started GET "/assets/bootstrap-button.js?body=1" for 127.0.0.1 at 2015-12-10 18:51:20 +0530


Started GET "/assets/bootstrap-carousel.js?body=1" for 127.0.0.1 at 2015-12-10 18:51:21 +0530


Started GET "/assets/bootstrap-collapse.js?body=1" for 127.0.0.1 at 2015-12-10 18:51:21 +0530


Started GET "/assets/bootstrap-dropdown.js?body=1" for 127.0.0.1 at 2015-12-10 18:51:21 +0530


Started GET "/assets/bootstrap-modal.js?body=1" for 127.0.0.1 at 2015-12-10 18:51:21 +0530


Started GET "/assets/bootstrap-scrollspy.js?body=1" for 127.0.0.1 at 2015-12-10 18:51:21 +0530


Started GET "/assets/bootstrap-tab.js?body=1" for 127.0.0.1 at 2015-12-10 18:51:21 +0530


Started GET "/assets/bootstrap-tooltip.js?body=1" for 127.0.0.1 at 2015-12-10 18:51:21 +0530


Started GET "/assets/bootstrap-popover.js?body=1" for 127.0.0.1 at 2015-12-10 18:51:21 +0530


Started GET "/assets/bootstrap-typeahead.js?body=1" for 127.0.0.1 at 2015-12-10 18:51:21 +0530


Started GET "/assets/bootstrap.js?body=1" for 127.0.0.1 at 2015-12-10 18:51:21 +0530


Started GET "/assets/sessions.js?body=1" for 127.0.0.1 at 2015-12-10 18:51:21 +0530


Started GET "/assets/static_pages.js?body=1" for 127.0.0.1 at 2015-12-10 18:51:21 +0530


Started GET "/assets/users.js?body=1" for 127.0.0.1 at 2015-12-10 18:51:21 +0530


Started GET "/assets/application.js?body=1" for 127.0.0.1 at 2015-12-10 18:51:21 +0530


Started GET "/assets/rails.png" for 127.0.0.1 at 2015-12-10 18:51:21 +0530


Started GET "/signup" for 127.0.0.1 at 2015-12-10 18:51:35 +0530
Processing by UsersController#new as HTML
  Rendered shared/_error_messages.html.erb (1.4ms)
  Rendered users/new.html.erb within layouts/application (645.3ms)
  Rendered layouts/_shim.html.erb (0.2ms)
  [1m[36mUser Load (0.1ms)[0m  [1mSELECT "users".* FROM "users" WHERE "users"."remember_token" = 'da39a3ee5e6b4b0d3255bfef95601890afd80709' LIMIT 1[0m
  Rendered layouts/_header.html.erb (1.3ms)
  Rendered layouts/_footer.html.erb (0.4ms)
Completed 200 OK in 722ms (Views: 720.4ms | ActiveRecord: 0.3ms)


Started GET "/signup" for 127.0.0.1 at 2015-12-10 18:51:35 +0530
Processing by UsersController#new as HTML
  Rendered shared/_error_messages.html.erb (0.4ms)
  Rendered users/new.html.erb within layouts/application (4.2ms)
  Rendered layouts/_shim.html.erb (0.0ms)
  [1m[35mUser Load (0.2ms)[0m  SELECT "users".* FROM "users" WHERE "users"."remember_token" = 'da39a3ee5e6b4b0d3255bfef95601890afd80709' LIMIT 1
  Rendered layouts/_header.html.erb (1.2ms)
  Rendered layouts/_footer.html.erb (0.4ms)
Completed 200 OK in 15ms (Views: 13.7ms | ActiveRecord: 0.2ms)


Started GET "/assets/application.css?body=1" for 127.0.0.1 at 2015-12-10 18:51:35 +0530


Started GET "/assets/custom.css?body=1" for 127.0.0.1 at 2015-12-10 18:51:35 +0530


Started GET "/assets/static_pages.css?body=1" for 127.0.0.1 at 2015-12-10 18:51:36 +0530


Started GET "/assets/users.css?body=1" for 127.0.0.1 at 2015-12-10 18:51:36 +0530


Started GET "/assets/turbolinks.js?body=1" for 127.0.0.1 at 2015-12-10 18:51:36 +0530


Started GET "/assets/sessions.css?body=1" for 127.0.0.1 at 2015-12-10 18:51:36 +0530


Started GET "/assets/jquery_ujs.js?body=1" for 127.0.0.1 at 2015-12-10 18:51:36 +0530


Started GET "/assets/jquery.js?body=1" for 127.0.0.1 at 2015-12-10 18:51:36 +0530


Started GET "/assets/bootstrap-transition.js?body=1" for 127.0.0.1 at 2015-12-10 18:51:36 +0530


Started GET "/assets/bootstrap-affix.js?body=1" for 127.0.0.1 at 2015-12-10 18:51:36 +0530


Started GET "/assets/bootstrap-alert.js?body=1" for 127.0.0.1 at 2015-12-10 18:51:36 +0530


Started GET "/assets/bootstrap-button.js?body=1" for 127.0.0.1 at 2015-12-10 18:51:36 +0530


Started GET "/assets/bootstrap-carousel.js?body=1" for 127.0.0.1 at 2015-12-10 18:51:36 +0530


Started GET "/assets/bootstrap-collapse.js?body=1" for 127.0.0.1 at 2015-12-10 18:51:36 +0530


Started GET "/assets/bootstrap-modal.js?body=1" for 127.0.0.1 at 2015-12-10 18:51:36 +0530


Started GET "/assets/bootstrap-dropdown.js?body=1" for 127.0.0.1 at 2015-12-10 18:51:36 +0530


Started GET "/assets/bootstrap-scrollspy.js?body=1" for 127.0.0.1 at 2015-12-10 18:51:36 +0530


Started GET "/assets/bootstrap-tooltip.js?body=1" for 127.0.0.1 at 2015-12-10 18:51:36 +0530


Started GET "/assets/bootstrap-popover.js?body=1" for 127.0.0.1 at 2015-12-10 18:51:36 +0530


Started GET "/assets/bootstrap-tab.js?body=1" for 127.0.0.1 at 2015-12-10 18:51:36 +0530


Started GET "/assets/bootstrap-typeahead.js?body=1" for 127.0.0.1 at 2015-12-10 18:51:36 +0530


Started GET "/assets/bootstrap.js?body=1" for 127.0.0.1 at 2015-12-10 18:51:36 +0530


Started GET "/assets/sessions.js?body=1" for 127.0.0.1 at 2015-12-10 18:51:36 +0530


Started GET "/assets/static_pages.js?body=1" for 127.0.0.1 at 2015-12-10 18:51:36 +0530


Started GET "/assets/users.js?body=1" for 127.0.0.1 at 2015-12-10 18:51:36 +0530


Started GET "/assets/application.js?body=1" for 127.0.0.1 at 2015-12-10 18:51:36 +0530
